  [1m[35m (1.1ms)[0m  [1m[35mCREATE TABLE "schema_migrations" ("version" varchar NOT NULL PRIMARY KEY)[0m
  [1m[35m (0.4ms)[0m  [1m[35mCREATE TABLE "ar_internal_metadata" ("key" varchar NOT NULL PRIMARY KEY, "value" varchar, "created_at" datetime(6) NOT NULL, "updated_at" datetime(6) NOT NULL)[0m
  [1m[36mActiveRecord::SchemaMigration Pluck (0.0ms)[0m  [1m[34mSELECT "schema_migrations"."version" FROM "schema_migrations" ORDER BY "schema_migrations"."version" ASC[0m
Migrating to CreatePlants (20230810120834)
  [1m[36mTRANSACTION (0.0ms)[0m  [1m[36mbegin transaction[0m
  [1m[35m (0.1ms)[0m  [1m[35mCREATE TABLE "plants" ("id" integer PRIMARY KEY AUTOINCREMENT NOT NULL, "created_at" datetime(6) NOT NULL, "updated_at" datetime(6) NOT NULL)[0m
  [1m[36mActiveRecord::SchemaMigration Create (0.0ms)[0m  [1m[32mINSERT INTO "schema_migrations" ("version") VALUES (?)[0m  [["version", "20230810120834"]]
  [1m[36mTRANSACTION (0.3ms)[0m  [1m[36mcommit transaction[0m
  [1m[36mActiveRecord::InternalMetadata Load (0.0ms)[0m  [1m[34mSELECT "ar_internal_metadata".* FROM "ar_internal_metadata" WHERE "ar_internal_metadata"."key" = ? LIMIT ?[0m  [["key", "environment"], ["LIMIT", 1]]
  [1m[36mTRANSACTION (0.0ms)[0m  [1m[36mbegin transaction[0m
  [1m[36mActiveRecord::InternalMetadata Create (0.1ms)[0m  [1m[32mINSERT INTO "ar_internal_metadata" ("key", "value", "created_at", "updated_at") VALUES (?, ?, ?, ?)[0m  [["key", "environment"], ["value", "development"], ["created_at", "2023-08-10 12:09:28.914743"], ["updated_at", "2023-08-10 12:09:28.914743"]]
  [1m[36mTRANSACTION (0.3ms)[0m  [1m[36mcommit transaction[0m
  [1m[36mActiveRecord::SchemaMigration Pluck (0.0ms)[0m  [1m[34mSELECT "schema_migrations"."version" FROM "schema_migrations" ORDER BY "schema_migrations"."version" ASC[0m
  [1m[36mActiveRecord::SchemaMigration Pluck (0.0ms)[0m  [1m[34mSELECT "schema_migrations"."version" FROM "schema_migrations" ORDER BY "schema_migrations"."version" ASC[0m
  [1m[36mActiveRecord::SchemaMigration Pluck (0.0ms)[0m  [1m[34mSELECT "schema_migrations"."version" FROM "schema_migrations" ORDER BY "schema_migrations"."version" ASC[0m
  [1m[36mActiveRecord::SchemaMigration Pluck (0.0ms)[0m  [1m[34mSELECT "schema_migrations"."version" FROM "schema_migrations" ORDER BY "schema_migrations"."version" ASC[0m
  [1m[36mActiveRecord::SchemaMigration Pluck (0.0ms)[0m  [1m[34mSELECT "schema_migrations"."version" FROM "schema_migrations" ORDER BY "schema_migrations"."version" ASC[0m
Migrating to CreatePlants (20230810120834)
  [1m[36mTRANSACTION (0.0ms)[0m  [1m[36mbegin transaction[0m
  [1m[35m (0.2ms)[0m  [1m[35mDROP TABLE "plants"[0m
  [1m[36mActiveRecord::SchemaMigration Delete All (0.0ms)[0m  [1m[31mDELETE FROM "schema_migrations" WHERE "schema_migrations"."version" = ?[0m  [["version", "20230810120834"]]
  [1m[36mTRANSACTION (0.3ms)[0m  [1m[36mcommit transaction[0m
  [1m[36mActiveRecord::SchemaMigration Pluck (0.0ms)[0m  [1m[34mSELECT "schema_migrations"."version" FROM "schema_migrations" ORDER BY "schema_migrations"."version" ASC[0m
  [1m[36mActiveRecord::SchemaMigration Pluck (0.1ms)[0m  [1m[34mSELECT "schema_migrations"."version" FROM "schema_migrations" ORDER BY "schema_migrations"."version" ASC[0m
Migrating to CreatePlants (20230810120834)
  [1m[36mTRANSACTION (0.0ms)[0m  [1m[36mbegin transaction[0m
  [1m[35m (0.4ms)[0m  [1m[35mCREATE TABLE "plants" ("id" integer PRIMARY KEY AUTOINCREMENT NOT NULL, "latin_name" varchar, "common_name" varchar, "description" text, "created_at" datetime(6) NOT NULL, "updated_at" datetime(6) NOT NULL)[0m
  [1m[35m (0.0ms)[0m  [1m[35mCREATE INDEX "index_plants_on_latin_name" ON "plants" ("latin_name")[0m
  [1m[36mActiveRecord::SchemaMigration Create (0.1ms)[0m  [1m[32mINSERT INTO "schema_migrations" ("version") VALUES (?)[0m  [["version", "20230810120834"]]
  [1m[36mTRANSACTION (0.3ms)[0m  [1m[36mcommit transaction[0m
  [1m[36mActiveRecord::InternalMetadata Load (0.0ms)[0m  [1m[34mSELECT "ar_internal_metadata".* FROM "ar_internal_metadata" WHERE "ar_internal_metadata"."key" = ? LIMIT ?[0m  [["key", "environment"], ["LIMIT", 1]]
  [1m[36mActiveRecord::SchemaMigration Pluck (0.0ms)[0m  [1m[34mSELECT "schema_migrations"."version" FROM "schema_migrations" ORDER BY "schema_migrations"."version" ASC[0m
Started GET "/get_client_token" for 127.0.0.1 at 2023-08-12 02:41:57 +0200
  [1m[36mActiveRecord::SchemaMigration Pluck (0.1ms)[0m  [1m[34mSELECT "schema_migrations"."version" FROM "schema_migrations" ORDER BY "schema_migrations"."version" ASC[0m
  
ActionController::RoutingError (No route matches [GET] "/get_client_token"):
  
Started GET "/favicon.ico" for 127.0.0.1 at 2023-08-12 02:41:57 +0200
  
ActionController::RoutingError (No route matches [GET] "/favicon.ico"):
  
Started GET "/get_client_token" for 127.0.0.1 at 2023-08-12 02:43:56 +0200
  
ActionController::RoutingError (No route matches [GET] "/get_client_token"):
  
Started GET "/" for ::1 at 2023-08-12 02:50:55 +0200
Processing by Rails::WelcomeController#index as HTML
  Rendering /Users/joaomateus/.rbenv/versions/3.1.2/lib/ruby/gems/3.1.0/gems/railties-7.0.7/lib/rails/templates/rails/welcome/index.html.erb
  Rendered /Users/joaomateus/.rbenv/versions/3.1.2/lib/ruby/gems/3.1.0/gems/railties-7.0.7/lib/rails/templates/rails/welcome/index.html.erb (Duration: 0.6ms | Allocations: 303)
Completed 200 OK in 6ms (Views: 1.5ms | ActiveRecord: 0.0ms | Allocations: 2717)


Started GET "/get_client_token" for ::1 at 2023-08-12 02:51:01 +0200
  
ActionController::RoutingError (No route matches [GET] "/get_client_token"):
  
Started POST "/get_client_token" for ::1 at 2023-08-13 12:23:02 +0200
  [1m[36mActiveRecord::SchemaMigration Pluck (0.0ms)[0m  [1m[34mSELECT "schema_migrations"."version" FROM "schema_migrations" ORDER BY "schema_migrations"."version" ASC[0m
  
ArgumentError (Before process_action callback :verify_authenticity_token has not been defined):
  
app/controllers/tokens_controller.rb:2:in `<class:TokensController>'
app/controllers/tokens_controller.rb:1:in `<main>'
Started POST "/get_client_token" for ::1 at 2023-08-13 12:24:48 +0200
  
ArgumentError (Before process_action callback :verify_authenticity_token has not been defined):
  
app/controllers/tokens_controller.rb:2:in `<class:TokensController>'
app/controllers/tokens_controller.rb:1:in `<main>'
Started POST "/get_client_token" for ::1 at 2023-08-13 12:26:02 +0200
  
ArgumentError (Before process_action callback :verify_authenticity_token has not been defined):
  
app/controllers/tokens_controller.rb:2:in `<class:TokensController>'
app/controllers/tokens_controller.rb:1:in `<main>'
Started GET "/" for ::1 at 2023-08-13 12:27:23 +0200
Processing by Rails::WelcomeController#index as HTML
  Rendering /Users/joaomateus/.rbenv/versions/3.1.2/lib/ruby/gems/3.1.0/gems/railties-7.0.7/lib/rails/templates/rails/welcome/index.html.erb
  Rendered /Users/joaomateus/.rbenv/versions/3.1.2/lib/ruby/gems/3.1.0/gems/railties-7.0.7/lib/rails/templates/rails/welcome/index.html.erb (Duration: 0.5ms | Allocations: 303)
Completed 200 OK in 6ms (Views: 1.9ms | ActiveRecord: 0.0ms | Allocations: 2282)


Started GET "/get_client_token" for ::1 at 2023-08-13 12:27:42 +0200
  
ActionController::RoutingError (No route matches [GET] "/get_client_token"):
  
Started POST "/get_client_token" for ::1 at 2023-08-13 12:29:30 +0200
  
ArgumentError (Before process_action callback :verify_authenticity_token has not been defined):
  
app/controllers/tokens_controller.rb:2:in `<class:TokensController>'
app/controllers/tokens_controller.rb:1:in `<main>'
Started POST "/get_client_token" for ::1 at 2023-08-13 12:29:56 +0200
  
ArgumentError (Before process_action callback :verify_authenticity_token has not been defined):
  
app/controllers/tokens_controller.rb:2:in `<class:TokensController>'
app/controllers/tokens_controller.rb:1:in `<main>'
Started POST "/get_client_token" for ::1 at 2023-08-13 12:30:34 +0200
  
ArgumentError (Before process_action callback :verify_authenticity_token has not been defined):
  
app/controllers/tokens_controller.rb:2:in `<class:TokensController>'
app/controllers/tokens_controller.rb:1:in `<main>'
Started POST "/get_client_token" for ::1 at 2023-08-13 12:30:36 +0200
  
ArgumentError (Before process_action callback :verify_authenticity_token has not been defined):
  
app/controllers/tokens_controller.rb:2:in `<class:TokensController>'
app/controllers/tokens_controller.rb:1:in `<main>'
Started POST "/get_client_token" for ::1 at 2023-08-13 12:30:38 +0200
  
ArgumentError (Before process_action callback :verify_authenticity_token has not been defined):
  
app/controllers/tokens_controller.rb:2:in `<class:TokensController>'
app/controllers/tokens_controller.rb:1:in `<main>'
Started POST "/get_client_token" for ::1 at 2023-08-13 12:30:40 +0200
  
ArgumentError (Before process_action callback :verify_authenticity_token has not been defined):
  
app/controllers/tokens_controller.rb:2:in `<class:TokensController>'
app/controllers/tokens_controller.rb:1:in `<main>'
Started POST "/get_client_token" for ::1 at 2023-08-13 12:30:41 +0200
  
ArgumentError (Before process_action callback :verify_authenticity_token has not been defined):
  
app/controllers/tokens_controller.rb:2:in `<class:TokensController>'
app/controllers/tokens_controller.rb:1:in `<main>'
Started POST "/get_client_token" for ::1 at 2023-08-13 12:30:42 +0200
  
ArgumentError (Before process_action callback :verify_authenticity_token has not been defined):
  
app/controllers/tokens_controller.rb:2:in `<class:TokensController>'
app/controllers/tokens_controller.rb:1:in `<main>'
Started POST "/get_client_token" for ::1 at 2023-08-13 12:58:07 +0200
  
ArgumentError (Before process_action callback :verify_authenticity_token has not been defined):
  
app/controllers/tokens_controller.rb:2:in `<class:TokensController>'
app/controllers/tokens_controller.rb:1:in `<main>'
Started POST "/get_client_token" for ::1 at 2023-08-13 12:58:18 +0200
  
ArgumentError (Before process_action callback :verify_authenticity_token has not been defined):
  
app/controllers/tokens_controller.rb:2:in `<class:TokensController>'
app/controllers/tokens_controller.rb:1:in `<main>'
Started POST "/get_client_token" for ::1 at 2023-08-13 13:17:21 +0200
  
ArgumentError (Before process_action callback :verify_authenticity_token has not been defined):
  
app/controllers/tokens_controller.rb:2:in `<class:TokensController>'
app/controllers/tokens_controller.rb:1:in `<main>'
Started POST "/get_client_token" for ::1 at 2023-08-13 13:19:13 +0200
  
ArgumentError (Before process_action callback :verify_authenticity_token has not been defined):
  
app/controllers/tokens_controller.rb:2:in `<class:TokensController>'
app/controllers/tokens_controller.rb:1:in `<main>'
Started POST "/get_client_token" for ::1 at 2023-08-13 13:19:25 +0200
  
ArgumentError (Before process_action callback :verify_authenticity_token has not been defined):
  
app/controllers/tokens_controller.rb:2:in `<class:TokensController>'
app/controllers/tokens_controller.rb:1:in `<main>'
Started POST "/get_client_token" for ::1 at 2023-08-13 13:28:48 +0200
  
LoadError (cannot load such file -- httparty):
  
app/controllers/tokens_controller.rb:2:in `<class:TokensController>'
app/controllers/tokens_controller.rb:1:in `<main>'
Started POST "/get_client_token" for ::1 at 2023-08-13 13:29:30 +0200
  [1m[36mActiveRecord::SchemaMigration Pluck (0.1ms)[0m  [1m[34mSELECT "schema_migrations"."version" FROM "schema_migrations" ORDER BY "schema_migrations"."version" ASC[0m
Processing by TokensController#get_client_token as HTML
Completed 204 No Content in 168ms (ActiveRecord: 0.0ms | Allocations: 4274)


Started POST "/get_client_token" for ::1 at 2023-08-13 13:29:58 +0200
Processing by TokensController#get_client_token as HTML
Completed 204 No Content in 136ms (ActiveRecord: 0.0ms | Allocations: 1043)


Started POST "/get_client_token" for ::1 at 2023-08-13 13:33:51 +0200
Processing by TokensController#get_client_token as HTML
Completed 204 No Content in 203ms (ActiveRecord: 0.0ms | Allocations: 1028)


Started POST "/get_client_token" for ::1 at 2023-08-13 13:34:16 +0200
Processing by TokensController#get_client_token as HTML
Completed 204 No Content in 122ms (ActiveRecord: 0.0ms | Allocations: 1028)


Started POST "/get_client_token" for ::1 at 2023-08-13 13:34:21 +0200
Processing by TokensController#get_client_token as HTML
Completed 204 No Content in 126ms (ActiveRecord: 0.0ms | Allocations: 1028)


Started POST "/get_client_token" for ::1 at 2023-08-13 13:34:28 +0200
Processing by TokensController#get_client_token as HTML
Completed 204 No Content in 131ms (ActiveRecord: 0.0ms | Allocations: 1027)


Started POST "/get_client_token" for ::1 at 2023-08-13 13:39:14 +0200
Processing by TokensController#get_client_token as HTML
Completed 204 No Content in 169ms (ActiveRecord: 0.0ms | Allocations: 1029)


Started POST "/get_client_token" for ::1 at 2023-08-13 13:39:51 +0200
Processing by TokensController#get_client_token as HTML
Completed 204 No Content in 123ms (ActiveRecord: 0.0ms | Allocations: 1025)


Started POST "/get_client_token" for ::1 at 2023-08-13 13:40:58 +0200
Processing by TokensController#get_client_token as HTML
Completed 204 No Content in 176ms (ActiveRecord: 0.0ms | Allocations: 1025)


Started POST "/get_client_token" for ::1 at 2023-08-13 13:50:35 +0200
  [1m[36mActiveRecord::SchemaMigration Pluck (0.1ms)[0m  [1m[34mSELECT "schema_migrations"."version" FROM "schema_migrations" ORDER BY "schema_migrations"."version" ASC[0m
Processing by TokensController#get_client_token as HTML
[active_model_serializers] Rendered ActiveModel::Serializer::Null with Hash (0.09ms)
Completed 200 OK in 177ms (Views: 4.2ms | ActiveRecord: 0.0ms | Allocations: 5180)


Started POST "/get_client_token" for ::1 at 2023-08-13 13:51:03 +0200
Processing by TokensController#get_client_token as HTML
[active_model_serializers] Rendered ActiveModel::Serializer::Null with Hash (0.15ms)
Completed 200 OK in 126ms (Views: 0.9ms | ActiveRecord: 0.0ms | Allocations: 1326)


Started POST "/get_client_token" for ::1 at 2023-08-13 13:51:24 +0200
Processing by TokensController#get_client_token as HTML
Completed 204 No Content in 133ms (ActiveRecord: 0.0ms | Allocations: 1208)


Started POST "/get_client_token" for ::1 at 2023-08-13 13:52:18 +0200
Processing by TokensController#get_client_token as HTML
[active_model_serializers] Rendered ActiveModel::Serializer::Null with Hash (0.06ms)
Completed 200 OK in 159ms (Views: 0.9ms | ActiveRecord: 0.0ms | Allocations: 1532)


Started POST "/get_client_token" for ::1 at 2023-08-13 13:54:02 +0200
Processing by TokensController#get_client_token as HTML
[active_model_serializers] Rendered ActiveModel::Serializer::Null with Hash (0.26ms)
Completed 200 OK in 182ms (Views: 2.2ms | ActiveRecord: 0.0ms | Allocations: 1176)


Started POST "/get_client_token" for ::1 at 2023-08-13 13:54:52 +0200
Processing by TokensController#get_client_token as HTML
[active_model_serializers] Rendered ActiveModel::Serializer::Null with Hash (0.17ms)
Completed 200 OK in 144ms (Views: 1.0ms | ActiveRecord: 0.0ms | Allocations: 1173)


Started POST "/get_client_token" for ::1 at 2023-08-13 13:54:56 +0200
Processing by TokensController#get_client_token as HTML
[active_model_serializers] Rendered ActiveModel::Serializer::Null with Hash (0.26ms)
Completed 200 OK in 142ms (Views: 2.5ms | ActiveRecord: 0.0ms | Allocations: 1175)


Started POST "/get_client_token" for ::1 at 2023-08-13 13:55:23 +0200
Processing by TokensController#get_client_token as HTML
[active_model_serializers] Rendered ActiveModel::Serializer::Null with Hash (0.26ms)
Completed 200 OK in 164ms (Views: 1.1ms | ActiveRecord: 0.0ms | Allocations: 1177)


Started POST "/get_client_token" for ::1 at 2023-08-13 13:57:33 +0200
Processing by TokensController#get_client_token as HTML
[active_model_serializers] Rendered ActiveModel::Serializer::Null with Hash (0.21ms)
Completed 200 OK in 182ms (Views: 1.9ms | ActiveRecord: 0.0ms | Allocations: 1174)


Started POST "/get_client_token" for ::1 at 2023-08-13 13:58:27 +0200
Processing by TokensController#get_client_token as HTML
[active_model_serializers] Rendered ActiveModel::Serializer::Null with Hash (0.15ms)
Completed 200 OK in 132ms (Views: 1.4ms | ActiveRecord: 0.0ms | Allocations: 1172)


Started POST "/get_client_token" for ::1 at 2023-08-13 14:55:31 +0200
Processing by TokensController#get_client_token as HTML
[active_model_serializers] Rendered ActiveModel::Serializer::Null with Hash (0.31ms)
Completed 200 OK in 206ms (Views: 2.4ms | ActiveRecord: 0.0ms | Allocations: 1172)


Started POST "/get_client_token" for ::1 at 2023-08-13 14:55:45 +0200
Processing by TokensController#get_client_token as HTML
[active_model_serializers] Rendered ActiveModel::Serializer::Null with Hash (0.29ms)
Completed 200 OK in 172ms (Views: 1.5ms | ActiveRecord: 0.0ms | Allocations: 1172)


Started POST "/get_client_token" for ::1 at 2023-08-13 14:56:55 +0200
Processing by TokensController#get_client_token as HTML
[active_model_serializers] Rendered ActiveModel::Serializer::Null with Hash (0.16ms)
Completed 200 OK in 223ms (Views: 1.5ms | ActiveRecord: 0.0ms | Allocations: 1172)


Started POST "/get_client_token" for ::1 at 2023-08-13 15:01:40 +0200
  [1m[36mActiveRecord::SchemaMigration Pluck (0.2ms)[0m  [1m[34mSELECT "schema_migrations"."version" FROM "schema_migrations" ORDER BY "schema_migrations"."version" ASC[0m
Processing by TokensController#get_client_token as HTML
[active_model_serializers] Rendered ActiveModel::Serializer::Null with Hash (0.05ms)
Completed 200 OK in 210ms (Views: 2.6ms | ActiveRecord: 0.0ms | Allocations: 5127)


Started POST "/get_client_token" for ::1 at 2023-08-13 15:02:06 +0200
Processing by TokensController#get_client_token as HTML
[active_model_serializers] Rendered ActiveModel::Serializer::Null with Hash (0.09ms)
Completed 200 OK in 141ms (Views: 0.9ms | ActiveRecord: 0.0ms | Allocations: 1326)


Started POST "/get_client_token" for ::1 at 2023-08-13 15:02:16 +0200
Processing by TokensController#get_client_token as HTML
[active_model_serializers] Rendered ActiveModel::Serializer::Null with Hash (0.23ms)
Completed 200 OK in 209ms (Views: 1.4ms | ActiveRecord: 0.0ms | Allocations: 1176)


Started POST "/get_client_token" for ::1 at 2023-08-13 15:02:41 +0200
Processing by TokensController#get_client_token as HTML
[active_model_serializers] Rendered ActiveModel::Serializer::Null with Hash (0.09ms)
Completed 200 OK in 165ms (Views: 0.9ms | ActiveRecord: 0.0ms | Allocations: 1174)


Started POST "/get_client_token" for ::1 at 2023-08-13 15:02:46 +0200
Processing by TokensController#get_client_token as HTML
[active_model_serializers] Rendered ActiveModel::Serializer::Null with Hash (0.14ms)
Completed 200 OK in 139ms (Views: 0.7ms | ActiveRecord: 0.0ms | Allocations: 1174)


Started POST "/get_client_token" for ::1 at 2023-08-13 15:02:47 +0200
Processing by TokensController#get_client_token as HTML
[active_model_serializers] Rendered ActiveModel::Serializer::Null with Hash (0.17ms)
Completed 200 OK in 169ms (Views: 0.8ms | ActiveRecord: 0.0ms | Allocations: 1172)


Started POST "/get_client_token" for ::1 at 2023-08-13 15:03:22 +0200
Processing by TokensController#get_client_token as HTML
[active_model_serializers] Rendered ActiveModel::Serializer::Null with Hash (0.09ms)
Completed 200 OK in 179ms (Views: 1.0ms | ActiveRecord: 0.0ms | Allocations: 1172)


Started POST "/get_client_token" for ::1 at 2023-08-13 15:03:24 +0200
Processing by TokensController#get_client_token as HTML
[active_model_serializers] Rendered ActiveModel::Serializer::Null with Hash (0.28ms)
Completed 200 OK in 176ms (Views: 1.4ms | ActiveRecord: 0.0ms | Allocations: 1172)


Started POST "/get_client_token" for ::1 at 2023-08-13 15:04:11 +0200
Processing by TokensController#get_client_token as HTML
[active_model_serializers] Rendered ActiveModel::Serializer::Null with Hash (0.16ms)
Completed 200 OK in 204ms (Views: 1.5ms | ActiveRecord: 0.0ms | Allocations: 1173)


Started POST "/get_client_token" for ::1 at 2023-08-13 15:04:19 +0200
Processing by TokensController#get_client_token as HTML
[active_model_serializers] Rendered ActiveModel::Serializer::Null with Hash (0.16ms)
Completed 200 OK in 159ms (Views: 1.3ms | ActiveRecord: 0.0ms | Allocations: 1173)


Started POST "/get_client_token" for ::1 at 2023-08-13 15:04:59 +0200
Processing by TokensController#get_client_token as HTML
[active_model_serializers] Rendered ActiveModel::Serializer::Null with Hash (0.29ms)
Completed 200 OK in 243ms (Views: 1.8ms | ActiveRecord: 0.0ms | Allocations: 1172)


Started POST "/get_client_token" for ::1 at 2023-08-13 15:16:40 +0200
Processing by TokensController#get_client_token as HTML
[active_model_serializers] Rendered ActiveModel::Serializer::Null with Hash (0.18ms)
Completed 200 OK in 311ms (Views: 2.0ms | ActiveRecord: 0.0ms | Allocations: 1172)


Started POST "/get_client_token" for ::1 at 2023-08-13 15:16:47 +0200
Processing by TokensController#get_client_token as HTML
[active_model_serializers] Rendered ActiveModel::Serializer::Null with Hash (0.31ms)
Completed 200 OK in 160ms (Views: 1.6ms | ActiveRecord: 0.0ms | Allocations: 1172)


Started POST "/get_client_token" for ::1 at 2023-08-13 15:18:09 +0200
Processing by TokensController#get_client_token as HTML
[active_model_serializers] Rendered ActiveModel::Serializer::Null with Hash (0.3ms)
Completed 200 OK in 220ms (Views: 2.6ms | ActiveRecord: 0.0ms | Allocations: 1172)


Started POST "/get_client_token" for ::1 at 2023-08-13 15:20:34 +0200
Processing by TokensController#get_client_token as HTML
[active_model_serializers] Rendered ActiveModel::Serializer::Null with Hash (0.23ms)
Completed 200 OK in 180ms (Views: 2.4ms | ActiveRecord: 0.0ms | Allocations: 1172)


Started POST "/get_client_token" for ::1 at 2023-08-13 15:24:22 +0200
Processing by TokensController#get_client_token as HTML
[active_model_serializers] Rendered ActiveModel::Serializer::Null with Hash (0.22ms)
Completed 200 OK in 214ms (Views: 1.4ms | ActiveRecord: 0.0ms | Allocations: 1173)


Started POST "/get_client_token" for ::1 at 2023-08-13 15:25:53 +0200
Processing by TokensController#get_client_token as HTML
[active_model_serializers] Rendered ActiveModel::Serializer::Null with Hash (0.17ms)
Completed 200 OK in 234ms (Views: 1.8ms | ActiveRecord: 0.0ms | Allocations: 1172)


Started POST "/get_client_token" for ::1 at 2023-08-13 15:25:56 +0200
Processing by TokensController#get_client_token as HTML
[active_model_serializers] Rendered ActiveModel::Serializer::Null with Hash (0.9ms)
Completed 200 OK in 162ms (Views: 1.9ms | ActiveRecord: 0.0ms | Allocations: 1173)


Started POST "/get_client_token" for ::1 at 2023-08-13 15:26:46 +0200
Processing by TokensController#get_client_token as HTML
[active_model_serializers] Rendered ActiveModel::Serializer::Null with Hash (0.24ms)
Completed 200 OK in 144ms (Views: 5.2ms | ActiveRecord: 0.0ms | Allocations: 1174)


Started POST "/get_client_token" for ::1 at 2023-08-13 15:28:29 +0200
Processing by TokensController#get_client_token as HTML
[active_model_serializers] Rendered ActiveModel::Serializer::Null with Hash (0.06ms)
Completed 200 OK in 156ms (Views: 0.6ms | ActiveRecord: 0.0ms | Allocations: 1172)


Started POST "/get_client_token" for ::1 at 2023-08-13 15:41:59 +0200
Processing by TokensController#get_client_token as HTML
[active_model_serializers] Rendered ActiveModel::Serializer::Null with Hash (0.2ms)
Completed 200 OK in 1011ms (Views: 2.6ms | ActiveRecord: 0.0ms | Allocations: 1176)


Started POST "/get_client_token" for ::1 at 2023-08-13 15:42:02 +0200
Processing by TokensController#get_client_token as HTML
[active_model_serializers] Rendered ActiveModel::Serializer::Null with Hash (0.17ms)
Completed 200 OK in 153ms (Views: 0.9ms | ActiveRecord: 0.0ms | Allocations: 1174)


Started POST "/get_client_token" for ::1 at 2023-08-13 15:42:04 +0200
Processing by TokensController#get_client_token as HTML
[active_model_serializers] Rendered ActiveModel::Serializer::Null with Hash (0.27ms)
Completed 200 OK in 126ms (Views: 1.5ms | ActiveRecord: 0.0ms | Allocations: 1176)


Started POST "/get_client_token" for ::1 at 2023-08-13 15:42:04 +0200
Processing by TokensController#get_client_token as HTML
[active_model_serializers] Rendered ActiveModel::Serializer::Null with Hash (0.26ms)
Completed 200 OK in 119ms (Views: 1.5ms | ActiveRecord: 0.0ms | Allocations: 1172)


Started POST "/get_client_token" for ::1 at 2023-08-13 17:12:44 +0200
Processing by TokensController#get_client_token as HTML
[active_model_serializers] Rendered ActiveModel::Serializer::Null with Hash (0.1ms)
Completed 200 OK in 188ms (Views: 0.9ms | ActiveRecord: 0.0ms | Allocations: 1172)


Started POST "/get_client_token" for ::1 at 2023-08-13 17:12:45 +0200
Processing by TokensController#get_client_token as HTML
[active_model_serializers] Rendered ActiveModel::Serializer::Null with Hash (0.13ms)
Completed 200 OK in 145ms (Views: 0.7ms | ActiveRecord: 0.0ms | Allocations: 1173)


Started POST "/get_client_token" for ::1 at 2023-08-13 17:12:50 +0200
Processing by TokensController#get_client_token as HTML
[active_model_serializers] Rendered ActiveModel::Serializer::Null with Hash (0.28ms)
Completed 200 OK in 130ms (Views: 1.5ms | ActiveRecord: 0.0ms | Allocations: 1175)


Started POST "/get_client_token" for ::1 at 2023-08-13 17:13:06 +0200
Processing by TokensController#get_client_token as HTML
[active_model_serializers] Rendered ActiveModel::Serializer::Null with Hash (0.18ms)
Completed 200 OK in 142ms (Views: 0.9ms | ActiveRecord: 0.0ms | Allocations: 1172)


Started GET "/get_all_plants" for ::1 at 2023-08-13 17:39:06 +0200
  
ActionController::RoutingError (No route matches [GET] "/get_all_plants"):
  
Started GET "/plants" for ::1 at 2023-08-13 17:39:26 +0200
  
ActionController::RoutingError (No route matches [GET] "/plants"):
  
Started GET "/" for ::1 at 2023-08-13 17:40:58 +0200
Processing by Rails::WelcomeController#index as HTML
  Rendering /Users/joaomateus/.rbenv/versions/3.1.2/lib/ruby/gems/3.1.0/gems/railties-7.0.7/lib/rails/templates/rails/welcome/index.html.erb
  Rendered /Users/joaomateus/.rbenv/versions/3.1.2/lib/ruby/gems/3.1.0/gems/railties-7.0.7/lib/rails/templates/rails/welcome/index.html.erb (Duration: 0.6ms | Allocations: 303)
Completed 200 OK in 4ms (Views: 1.3ms | ActiveRecord: 0.0ms | Allocations: 2225)


Started GET "/plants" for ::1 at 2023-08-13 17:41:04 +0200
  
ActionController::RoutingError (No route matches [GET] "/plants"):
  
Started POST "/get_all_plants" for ::1 at 2023-08-13 17:56:44 +0200
  
ActionController::RoutingError (No route matches [POST] "/get_all_plants"):
  
Started GET "/get_all_plants" for ::1 at 2023-08-13 17:57:24 +0200
  
ActionController::RoutingError (No route matches [GET] "/get_all_plants"):
  
Started POST "/get_client_token" for ::1 at 2023-08-13 17:59:58 +0200
Processing by TokensController#get_client_token as HTML
[active_model_serializers] Rendered ActiveModel::Serializer::Null with Hash (0.22ms)
Completed 200 OK in 196ms (Views: 2.5ms | ActiveRecord: 0.0ms | Allocations: 1550)


Started GET "/plants" for ::1 at 2023-08-13 18:05:13 +0200
Processing by PlantsController#all_plants as HTML
Completed 500 Internal Server Error in 146ms (ActiveRecord: 0.0ms | Allocations: 945)


  
JSON::ParserError (859: unexpected token at '<!DOCTYPE html>
<html>
<head>
  <title>The page you were looking for doesn't exist (404)</title>
  <meta name="viewport" content="width=device-width,initial-scale=1">
  <style>
  .rails-default-error-page {
    background-color: #EFEFEF;
    color: #2E2F30;
    text-align: center;
    font-family: arial, sans-serif;
    margin: 0;
  }

  .rails-default-error-page div.dialog {
    width: 95%;
    max-width: 33em;
    margin: 4em auto 0;
  }

  .rails-default-error-page div.dialog > div {
    border: 1px solid #CCC;
    border-right-color: #999;
    border-left-color: #999;
    border-bottom-color: #BBB;
    border-top: #B00100 solid 4px;
    border-top-left-radius: 9px;
    border-top-right-radius: 9px;
    background-color: white;
    padding: 7px 12% 0;
    box-shadow: 0 3px 8px rgba(50, 50, 50, 0.17);
  }

  .rails-default-error-page h1 {
    font-size: 100%;
    color: #730E15;
    line-height: 1.5em;
  }

  .rails-default-error-page div.dialog > p {
    margin: 0 0 1em;
    padding: 1em;
    background-color: #F7F7F7;
    border: 1px solid #CCC;
    border-right-color: #999;
    border-left-color: #999;
    border-bottom-color: #999;
    border-bottom-left-radius: 4px;
    border-bottom-right-radius: 4px;
    border-top-color: #DADADA;
    color: #666;
    box-shadow: 0 3px 8px rgba(50, 50, 50, 0.17);
  }
  </style>
</head>

<body class="rails-default-error-page">
  <!-- This file lives in public/404.html -->
  <div class="dialog">
    <div>
      <h1>The page you were looking for doesn't exist.</h1>
      <p>You may have mistyped the address or the page may have moved.</p>
    </div>
    <p>If you are the application owner check the logs for more information.</p>
  </div>
</body>
</html>
'):
  
app/controllers/plants_controller.rb:12:in `all_plants'
Started GET "/favicon.ico" for ::1 at 2023-08-13 18:05:14 +0200
  
ActionController::RoutingError (No route matches [GET] "/favicon.ico"):
  
Started GET "/plants" for ::1 at 2023-08-13 18:06:36 +0200
  
NameError (undefined local variable or method `s' for main:Object

s
^):
  
app/controllers/plants_controller.rb:16:in `<main>'
Started GET "/plants" for ::1 at 2023-08-13 18:06:45 +0200
Processing by PlantsController#all_plants as HTML
Completed 500 Internal Server Error in 154ms (ActiveRecord: 0.0ms | Allocations: 897)


  
RuntimeError ():
  
app/controllers/plants_controller.rb:11:in `all_plants'
Started GET "/plants" for ::1 at 2023-08-13 18:13:11 +0200
Processing by PlantsController#all_plants as HTML
[active_model_serializers] Rendered ActiveModel::Serializer::Null with Hash (12.59ms)
Completed 200 OK in 712ms (Views: 14.9ms | ActiveRecord: 0.0ms | Allocations: 11741)


Started GET "/plants" for ::1 at 2023-08-13 18:14:45 +0200
Processing by PlantsController#all_plants as HTML
[active_model_serializers] Rendered ActiveModel::Serializer::Null with Hash (0.11ms)
Completed 200 OK in 156ms (Views: 0.8ms | ActiveRecord: 0.0ms | Allocations: 1479)


Started GET "/plants" for ::1 at 2023-08-13 18:14:52 +0200
Processing by PlantsController#all_plants as HTML
[active_model_serializers] Rendered ActiveModel::Serializer::Null with Hash (0.24ms)
Completed 200 OK in 139ms (Views: 2.5ms | ActiveRecord: 0.0ms | Allocations: 1082)


Started GET "/plants" for ::1 at 2023-08-13 18:26:45 +0200
Processing by PlantsController#all_plants as HTML
[active_model_serializers] Rendered ActiveModel::Serializer::Null with Hash (0.14ms)
Completed 200 OK in 180ms (Views: 1.4ms | ActiveRecord: 0.0ms | Allocations: 1445)


Started GET "/plants" for ::1 at 2023-08-13 18:26:47 +0200
Processing by PlantsController#all_plants as HTML
[active_model_serializers] Rendered ActiveModel::Serializer::Null with Hash (0.24ms)
Completed 200 OK in 177ms (Views: 1.8ms | ActiveRecord: 0.0ms | Allocations: 1082)


Started GET "/plants" for ::1 at 2023-08-13 18:27:11 +0200
  [1m[36mActiveRecord::SchemaMigration Pluck (0.2ms)[0m  [1m[34mSELECT "schema_migrations"."version" FROM "schema_migrations" ORDER BY "schema_migrations"."version" ASC[0m
Processing by PlantsController#all_plants as HTML
[active_model_serializers] Rendered ActiveModel::Serializer::Null with Hash (9.75ms)
Completed 200 OK in 542ms (Views: 16.1ms | ActiveRecord: 0.0ms | Allocations: 14743)


Started GET "/all_plants" for ::1 at 2023-08-13 18:35:10 +0200
  
ActionController::RoutingError (No route matches [GET] "/all_plants"):
  
Started POST "/get_client_token" for ::1 at 2023-08-13 18:36:26 +0200
Processing by TokensController#get_client_token as HTML
[active_model_serializers] Rendered ActiveModel::Serializer::Null with Hash (0.19ms)
Completed 200 OK in 183ms (Views: 2.1ms | ActiveRecord: 0.0ms | Allocations: 1608)


Started POST "/get_client_token" for ::1 at 2023-08-13 18:36:48 +0200
Processing by TokensController#get_client_token as HTML
[active_model_serializers] Rendered ActiveModel::Serializer::Null with Hash (0.16ms)
Completed 200 OK in 199ms (Views: 1.7ms | ActiveRecord: 0.0ms | Allocations: 1177)


Started GET "/all_plants" for ::1 at 2023-08-13 18:38:54 +0200
  
ActionController::RoutingError (No route matches [GET] "/all_plants"):
  
Started GET "/all_plants" for ::1 at 2023-08-13 18:38:57 +0200
  
ActionController::RoutingError (No route matches [GET] "/all_plants"):
  
Started GET "/all_plants" for ::1 at 2023-08-13 18:39:14 +0200
  
ActionController::RoutingError (No route matches [GET] "/all_plants"):
  
Started GET "/plants" for ::1 at 2023-08-13 18:39:36 +0200
Processing by PlantsController#all_plants as HTML
[active_model_serializers] Rendered ActiveModel::Serializer::Null with Hash (28.22ms)
Completed 200 OK in 430ms (Views: 29.5ms | ActiveRecord: 0.0ms | Allocations: 11553)


Started GET "/plants" for ::1 at 2023-08-13 18:40:18 +0200
  
ActionController::RoutingError (No route matches [GET] "/plants"):
  
Started GET "/all_plants" for ::1 at 2023-08-13 18:40:26 +0200
Processing by PlantsController#all_plants as HTML
[active_model_serializers] Rendered ActiveModel::Serializer::Null with Hash (12.3ms)
Completed 200 OK in 392ms (Views: 14.3ms | ActiveRecord: 0.0ms | Allocations: 11658)


Started GET "/all_plants" for ::1 at 2023-08-13 18:40:33 +0200
Processing by PlantsController#all_plants as HTML
[active_model_serializers] Rendered ActiveModel::Serializer::Null with Hash (10.91ms)
Completed 200 OK in 254ms (Views: 12.5ms | ActiveRecord: 0.0ms | Allocations: 11289)


Started GET "/all_plants" for ::1 at 2023-08-13 18:41:25 +0200
Processing by PlantsController#all_plants as HTML
[active_model_serializers] Rendered ActiveModel::Serializer::Null with Hash (12.03ms)
Completed 200 OK in 476ms (Views: 13.8ms | ActiveRecord: 0.0ms | Allocations: 11291)


Started GET "/all_plants" for ::1 at 2023-08-13 18:42:47 +0200
Processing by PlantsController#all_plants as HTML
[active_model_serializers] Rendered ActiveModel::Serializer::Null with Hash (9.77ms)
Completed 200 OK in 432ms (Views: 11.1ms | ActiveRecord: 0.0ms | Allocations: 11286)


Started GET "/all_plants" for ::1 at 2023-08-13 18:44:22 +0200
Processing by PlantsController#all_plants as HTML
[active_model_serializers] Rendered ActiveModel::Serializer::Null with Hash (11.21ms)
Completed 200 OK in 404ms (Views: 13.8ms | ActiveRecord: 0.0ms | Allocations: 11287)


Started GET "/all_plants" for ::1 at 2023-08-13 18:44:30 +0200
Processing by PlantsController#all_plants as HTML
[active_model_serializers] Rendered ActiveModel::Serializer::Null with Hash (29.17ms)
Completed 200 OK in 525ms (Views: 30.2ms | ActiveRecord: 0.0ms | Allocations: 11285)


Started GET "/all_plants" for ::1 at 2023-08-13 18:46:11 +0200
Processing by PlantsController#all_plants as HTML
[active_model_serializers] Rendered ActiveModel::Serializer::Null with Hash (11.6ms)
Completed 200 OK in 410ms (Views: 13.1ms | ActiveRecord: 0.0ms | Allocations: 11289)


Started GET "/all_plants" for ::1 at 2023-08-13 18:54:13 +0200
Processing by PlantsController#all_plants as HTML
[active_model_serializers] Rendered ActiveModel::Serializer::Null with Hash (12.1ms)
Completed 200 OK in 466ms (Views: 13.6ms | ActiveRecord: 0.0ms | Allocations: 11287)


Started GET "/all_plants" for ::1 at 2023-08-13 18:54:54 +0200
Processing by PlantsController#all_plants as HTML
[active_model_serializers] Rendered ActiveModel::Serializer::Null with Hash (13.09ms)
Completed 200 OK in 383ms (Views: 14.6ms | ActiveRecord: 0.0ms | Allocations: 11282)


Started GET "/all_plants" for ::1 at 2023-08-13 18:59:27 +0200
Processing by PlantsController#all_plants as HTML
[active_model_serializers] Rendered ActiveModel::Serializer::Null with Hash (11.37ms)
Completed 200 OK in 392ms (Views: 12.9ms | ActiveRecord: 0.0ms | Allocations: 11284)


Started GET "/all_plants" for ::1 at 2023-08-13 19:07:51 +0200
Processing by PlantsController#all_plants as HTML
[active_model_serializers] Rendered ActiveModel::Serializer::Null with Hash (9.38ms)
Completed 200 OK in 469ms (Views: 11.1ms | ActiveRecord: 0.0ms | Allocations: 11292)


Started GET "/all_plants" for ::1 at 2023-08-13 19:08:13 +0200
Processing by PlantsController#all_plants as HTML
[active_model_serializers] Rendered ActiveModel::Serializer::Null with Hash (12.54ms)
Completed 200 OK in 373ms (Views: 13.6ms | ActiveRecord: 0.0ms | Allocations: 11287)


Started GET "/all_plants" for ::1 at 2023-08-13 19:08:15 +0200
Processing by PlantsController#all_plants as HTML
[active_model_serializers] Rendered ActiveModel::Serializer::Null with Hash (12.91ms)
Completed 200 OK in 297ms (Views: 14.2ms | ActiveRecord: 0.0ms | Allocations: 11293)


Started GET "/all_plants" for ::1 at 2023-08-13 19:08:49 +0200
Processing by PlantsController#all_plants as HTML
[active_model_serializers] Rendered ActiveModel::Serializer::Null with Hash (9.41ms)
Completed 200 OK in 380ms (Views: 10.6ms | ActiveRecord: 0.0ms | Allocations: 11287)


Started GET "/all_plants" for ::1 at 2023-08-13 19:10:12 +0200
Processing by PlantsController#all_plants as HTML
[active_model_serializers] Rendered ActiveModel::Serializer::Null with Hash (24.3ms)
Completed 200 OK in 435ms (Views: 25.9ms | ActiveRecord: 0.0ms | Allocations: 11288)


Started GET "/all_plants" for ::1 at 2023-08-13 19:12:15 +0200
Processing by PlantsController#all_plants as HTML
[active_model_serializers] Rendered ActiveModel::Serializer::Null with Hash (10.99ms)
Completed 200 OK in 459ms (Views: 12.5ms | ActiveRecord: 0.0ms | Allocations: 11289)


Started GET "/all_plants" for ::1 at 2023-08-13 19:12:17 +0200
Processing by PlantsController#all_plants as HTML
[active_model_serializers] Rendered ActiveModel::Serializer::Null with Hash (11.51ms)
Completed 200 OK in 282ms (Views: 12.5ms | ActiveRecord: 0.0ms | Allocations: 11290)


Started GET "/all_plants" for ::1 at 2023-08-13 19:55:36 +0200
Processing by PlantsController#all_plants as HTML
[active_model_serializers] Rendered ActiveModel::Serializer::Null with Hash (8.05ms)
Completed 200 OK in 461ms (Views: 9.5ms | ActiveRecord: 0.0ms | Allocations: 11286)


Started GET "/all_plants" for ::1 at 2023-08-13 19:55:49 +0200
Processing by PlantsController#all_plants as HTML
[active_model_serializers] Rendered ActiveModel::Serializer::Null with Hash (9.64ms)
Completed 200 OK in 240ms (Views: 11.1ms | ActiveRecord: 0.0ms | Allocations: 11284)


Started GET "/all_plants" for ::1 at 2023-08-13 19:56:45 +0200
Processing by PlantsController#all_plants as HTML
[active_model_serializers] Rendered ActiveModel::Serializer::Null with Hash (11.67ms)
Completed 200 OK in 400ms (Views: 13.5ms | ActiveRecord: 0.0ms | Allocations: 11292)


